<?xml version="1.0" encoding="UTF-8"?>
<!-- Generated by org.testng.reporters.JUnitXMLReporter -->
<testsuite ignored="0" hostname="LTIN509352" failures="0" tests="5" name="Default test" time="66.865" errors="0" timestamp="2024-04-02T17:30:36 IST">
  <testcase classname="com.becognizant.testcases.TC001_BeCognizant" name="beCognizantTextValidation" time="3.702"/>
  <testcase classname="com.becognizant.testcases.TC001_BeCognizant" name="oneCognizantTextValidation" time="0.024"/>
  <testcase classname="com.becognizant.testcases.TC001_BeCognizant" name="navigateOneCognizant" time="11.539"/>
  <testcase classname="com.becognizant.testcases.TC002_OneCognizant" name="searchGsd" time="3.176"/>
  <testcase classname="com.becognizant.testcases.TC002_OneCognizant" name="clickOnGSD" time="35.244"/>
</testsuite> <!-- Default test -->
