<?xml version="1.0" encoding="UTF-8"?>
<!-- Generated by org.testng.reporters.JUnitXMLReporter -->
<testsuite ignored="0" hostname="LTIN509352" failures="0" tests="1" name="Country" time="11.751" errors="0" timestamp="2024-03-28T10:54:44 IST">
  <testcase classname="com.becognizant.testcases.validateCountryLanguage" name="@BeforeTest beforeTest" time="11.645">
    <failure type="java.lang.NullPointerException" message="Cannot invoke &amp;quot;org.openqa.selenium.WebDriver.findElement(org.openqa.selenium.By)&amp;quot; because &amp;quot;this.driver&amp;quot; is null">
      <![CDATA[java.lang.NullPointerException: Cannot invoke "org.openqa.selenium.WebDriver.findElement(org.openqa.selenium.By)" because "this.driver" is null
at com.becognizant.pageObjects.becogHomePage.clickOneCog(becogHomePage.java:27)
at com.becognizant.testcases.validateCountryLanguage.beforeTest(validateCountryLanguage.java:34)
... Removed 24 stack frames]]>
    </failure>
  </testcase> <!-- @BeforeTest beforeTest -->
  <testcase classname="com.becognizant.testcases.validateCountryLanguage" name="@AfterTest afterTest" time="0.0">
    <skipped/>
  </testcase> <!-- @AfterTest afterTest -->
  <testcase classname="com.becognizant.testcases.validateCountryLanguage" name="f" time="0.0">
    <skipped/>
  </testcase> <!-- f -->
</testsuite> <!-- Country -->
