<?xml version="1.0" encoding="UTF-8"?>
<!-- Generated by org.testng.reporters.JUnitXMLReporter -->
<testsuite ignored="0" hostname="LTIN509352" failures="0" tests="12" name="Test" time="128.977" errors="0" timestamp="2024-04-03T17:19:38 IST">
  <testcase classname="com.becognizant.testcases.TC003_GSDPage" name="beCognizantTextValidation" time="4.29"/>
  <testcase classname="com.becognizant.testcases.TC003_GSDPage" name="profileValidation" time="8.658"/>
  <testcase classname="com.becognizant.testcases.TC003_GSDPage" name="oneCognizantTextValidation" time="0.036"/>
  <testcase classname="com.becognizant.testcases.TC003_GSDPage" name="navigateOneCognizant" time="11.543"/>
  <testcase classname="com.becognizant.testcases.TC003_GSDPage" name="searchGsd" time="3.243"/>
  <testcase classname="com.becognizant.testcases.TC003_GSDPage" name="clickOnGSD" time="35.361"/>
  <testcase classname="com.becognizant.testcases.TC003_GSDPage" name="verifyMessage" time="0.052"/>
  <testcase classname="com.becognizant.testcases.TC003_GSDPage" name="verifyDefaultLanguage" time="0.018"/>
  <testcase classname="com.becognizant.testcases.TC003_GSDPage" name="verifyDefaultCountry" time="0.02"/>
  <testcase classname="com.becognizant.testcases.TC003_GSDPage" name="verifyAvailableLanguages" time="1.714"/>
  <testcase classname="com.becognizant.testcases.TC003_GSDPage" name="defaultCountryTickets" time="7.049"/>
  <testcase classname="com.becognizant.testcases.TC003_GSDPage" name="randomCountry" time="30.364"/>
</testsuite> <!-- Test -->
