<?xml version="1.0" encoding="UTF-8"?>
<!-- Generated by org.testng.reporters.JUnitXMLReporter -->
<testsuite ignored="0" hostname="LTIN509459" failures="0" tests="5" name="chrometest" time="83.16" errors="0" timestamp="2024-04-02T17:16:44 IST">
  <testcase classname="testScenario.GSD" name="liveSupportGSD" time="0.808"/>
  <testcase classname="testScenario.GSD" name="validatingMessage" time="30.086"/>
  <testcase classname="testScenario.GSD" name="validatingLanguage" time="0.192"/>
  <testcase classname="testScenario.GSD" name="validatingCountry" time="0.02"/>
  <testcase classname="testScenario.GSD" name="countryWiseTooltip" time="18.302"/>
</testsuite> <!-- chrometest -->
