<?xml version="1.0" encoding="UTF-8"?>
<!-- Generated by org.testng.reporters.JUnitXMLReporter -->
<testsuite ignored="0" hostname="LTIN509459" failures="0" tests="5" name="edgetest" time="108.051" errors="0" timestamp="2024-04-02T17:15:20 IST">
  <testcase classname="testScenario.GSD" name="liveSupportGSD" time="0.731"/>
  <testcase classname="testScenario.GSD" name="validatingMessage" time="30.155"/>
  <testcase classname="testScenario.GSD" name="validatingLanguage" time="0.156"/>
  <testcase classname="testScenario.GSD" name="validatingCountry" time="0.031"/>
  <testcase classname="testScenario.GSD" name="countryWiseTooltip" time="20.39"/>
</testsuite> <!-- edgetest -->
