<?xml version="1.0" encoding="UTF-8"?>
<testng-results ignored="0" total="12" passed="12" failed="0" skipped="0">
  <reporter-output>
  </reporter-output>
  <suite started-at="2024-04-03T17:17:29 IST" name="Suite" finished-at="2024-04-03T17:19:38 IST" duration-ms="128977">
    <groups>
    </groups>
    <test started-at="2024-04-03T17:17:29 IST" name="Test" finished-at="2024-04-03T17:19:38 IST" duration-ms="128977">
      <class name="com.becognizant.testcases.TC003_GSDPage">
        <test-method is-config="true" signature="setup()[pri:0, instance:com.becognizant.testcases.TC003_GSDPage@742ff096]" started-at="2024-04-03T17:17:29 IST" name="setup" finished-at="2024-04-03T17:17:54 IST" duration-ms="24882" status="PASS">
          <reporter-output>
          </reporter-output>
        </test-method> <!-- setup -->
        <test-method signature="beCognizantTextValidation()[pri:1, instance:com.becognizant.testcases.TC003_GSDPage@742ff096]" started-at="2024-04-03T17:17:54 IST" name="beCognizantTextValidation" finished-at="2024-04-03T17:17:58 IST" duration-ms="4290" status="PASS">
          <reporter-output>
          </reporter-output>
        </test-method> <!-- beCognizantTextValidation -->
        <test-method signature="profileValidation()[pri:2, instance:com.becognizant.testcases.TC003_GSDPage@742ff096]" started-at="2024-04-03T17:17:58 IST" name="profileValidation" finished-at="2024-04-03T17:18:07 IST" duration-ms="8658" status="PASS">
          <reporter-output>
          </reporter-output>
        </test-method> <!-- profileValidation -->
        <test-method signature="oneCognizantTextValidation()[pri:3, instance:com.becognizant.testcases.TC003_GSDPage@742ff096]" started-at="2024-04-03T17:18:07 IST" name="oneCognizantTextValidation" finished-at="2024-04-03T17:18:07 IST" duration-ms="36" status="PASS">
          <reporter-output>
          </reporter-output>
        </test-method> <!-- oneCognizantTextValidation -->
        <test-method signature="navigateOneCognizant()[pri:4, instance:com.becognizant.testcases.TC003_GSDPage@742ff096]" started-at="2024-04-03T17:18:07 IST" name="navigateOneCognizant" finished-at="2024-04-03T17:18:18 IST" duration-ms="11543" status="PASS">
          <reporter-output>
          </reporter-output>
        </test-method> <!-- navigateOneCognizant -->
        <test-method signature="searchGsd()[pri:5, instance:com.becognizant.testcases.TC003_GSDPage@742ff096]" started-at="2024-04-03T17:18:18 IST" name="searchGsd" finished-at="2024-04-03T17:18:22 IST" duration-ms="3243" status="PASS">
          <reporter-output>
          </reporter-output>
        </test-method> <!-- searchGsd -->
        <test-method signature="clickOnGSD()[pri:6, instance:com.becognizant.testcases.TC003_GSDPage@742ff096]" started-at="2024-04-03T17:18:22 IST" name="clickOnGSD" finished-at="2024-04-03T17:18:57 IST" duration-ms="35361" status="PASS">
          <reporter-output>
          </reporter-output>
        </test-method> <!-- clickOnGSD -->
        <test-method signature="verifyMessage()[pri:7, instance:com.becognizant.testcases.TC003_GSDPage@742ff096]" started-at="2024-04-03T17:18:57 IST" name="verifyMessage" finished-at="2024-04-03T17:18:57 IST" duration-ms="52" status="PASS">
          <reporter-output>
          </reporter-output>
        </test-method> <!-- verifyMessage -->
        <test-method signature="verifyDefaultLanguage()[pri:8, instance:com.becognizant.testcases.TC003_GSDPage@742ff096]" started-at="2024-04-03T17:18:57 IST" name="verifyDefaultLanguage" finished-at="2024-04-03T17:18:57 IST" duration-ms="18" status="PASS">
          <reporter-output>
          </reporter-output>
        </test-method> <!-- verifyDefaultLanguage -->
        <test-method signature="verifyDefaultCountry()[pri:9, instance:com.becognizant.testcases.TC003_GSDPage@742ff096]" started-at="2024-04-03T17:18:57 IST" name="verifyDefaultCountry" finished-at="2024-04-03T17:18:57 IST" duration-ms="20" status="PASS">
          <reporter-output>
          </reporter-output>
        </test-method> <!-- verifyDefaultCountry -->
        <test-method signature="verifyAvailableLanguages()[pri:10, instance:com.becognizant.testcases.TC003_GSDPage@742ff096]" started-at="2024-04-03T17:18:57 IST" name="verifyAvailableLanguages" finished-at="2024-04-03T17:18:59 IST" duration-ms="1714" status="PASS">
          <reporter-output>
          </reporter-output>
        </test-method> <!-- verifyAvailableLanguages -->
        <test-method signature="defaultCountryTickets()[pri:11, instance:com.becognizant.testcases.TC003_GSDPage@742ff096]" started-at="2024-04-03T17:18:59 IST" name="defaultCountryTickets" finished-at="2024-04-03T17:19:06 IST" duration-ms="7049" status="PASS">
          <reporter-output>
          </reporter-output>
        </test-method> <!-- defaultCountryTickets -->
        <test-method signature="randomCountry()[pri:12, instance:com.becognizant.testcases.TC003_GSDPage@742ff096]" started-at="2024-04-03T17:19:06 IST" name="randomCountry" finished-at="2024-04-03T17:19:36 IST" duration-ms="30364" status="PASS">
          <reporter-output>
          </reporter-output>
        </test-method> <!-- randomCountry -->
        <test-method is-config="true" signature="tearDown()[pri:0, instance:com.becognizant.testcases.TC003_GSDPage@742ff096]" started-at="2024-04-03T17:19:36 IST" name="tearDown" finished-at="2024-04-03T17:19:38 IST" duration-ms="1196" status="PASS">
          <reporter-output>
          </reporter-output>
        </test-method> <!-- tearDown -->
      </class> <!-- com.becognizant.testcases.TC003_GSDPage -->
    </test> <!-- Test -->
  </suite> <!-- Suite -->
</testng-results>
